{"/Users/sapirshamay/Projects/Web/Leagues_Managment_Project/src/dataLayer/utils/DButils.js": {"path":"/Users/sapirshamay/Projects/Web/Leagues_Managment_Project/src/dataLayer/utils/DButils.js","statementMap":{"0":{"start":{"line":1,"column":0},"end":{"line":1,"column":27}},"1":{"start":{"line":2,"column":12},"end":{"line":2,"column":28}},"2":{"start":{"line":4,"column":15},"end":{"line":13,"column":1}},"3":{"start":{"line":15,"column":13},"end":{"line":15,"column":43}},"4":{"start":{"line":16,"column":20},"end":{"line":16,"column":34}},"5":{"start":{"line":19,"column":2},"end":{"line":19,"column":20}},"6":{"start":{"line":20,"column":2},"end":{"line":26,"column":3}},"7":{"start":{"line":21,"column":19},"end":{"line":21,"column":52}},"8":{"start":{"line":22,"column":4},"end":{"line":22,"column":28}},"9":{"start":{"line":24,"column":4},"end":{"line":24,"column":36}},"10":{"start":{"line":25,"column":4},"end":{"line":25,"column":14}},"11":{"start":{"line":29,"column":0},"end":{"line":29,"column":30}}},"fnMap":{"0":{"name":"execQuery","decl":{"start":{"line":18,"column":15},"end":{"line":18,"column":24}},"loc":{"start":{"line":18,"column":32},"end":{"line":27,"column":1}},"line":18}},"branchMap":{},"s":{"0":6,"1":6,"2":6,"3":6,"4":6,"5":2,"6":2,"7":2,"8":1,"9":1,"10":1,"11":6},"f":{"0":2},"b":{},"_coverageSchema":"1a1c01bbd47fc00a2c39e90264f33305004495a9","hash":"a337351e42e662ce67b6a86404083e16993f440f"}
,"/Users/sapirshamay/Projects/Web/Leagues_Managment_Project/src/dataLayer/utils/auth_utils.js": {"path":"/Users/sapirshamay/Projects/Web/Leagues_Managment_Project/src/dataLayer/utils/auth_utils.js","statementMap":{"0":{"start":{"line":1,"column":16},"end":{"line":1,"column":43}},"1":{"start":{"line":4,"column":2},"end":{"line":15,"column":3}},"2":{"start":{"line":5,"column":17},"end":{"line":7,"column":5}},"3":{"start":{"line":9,"column":17},"end":{"line":9,"column":21}},"4":{"start":{"line":10,"column":4},"end":{"line":10,"column":46}},"5":{"start":{"line":10,"column":29},"end":{"line":10,"column":46}},"6":{"start":{"line":11,"column":4},"end":{"line":11,"column":18}},"7":{"start":{"line":13,"column":4},"end":{"line":13,"column":25}},"8":{"start":{"line":14,"column":4},"end":{"line":14,"column":16}},"9":{"start":{"line":19,"column":2},"end":{"line":31,"column":3}},"10":{"start":{"line":20,"column":4},"end":{"line":22,"column":5}},"11":{"start":{"line":21,"column":6},"end":{"line":21,"column":24}},"12":{"start":{"line":24,"column":4},"end":{"line":26,"column":6}},"13":{"start":{"line":27,"column":4},"end":{"line":27,"column":16}},"14":{"start":{"line":29,"column":4},"end":{"line":29,"column":25}},"15":{"start":{"line":30,"column":4},"end":{"line":30,"column":16}},"16":{"start":{"line":35,"column":2},"end":{"line":45,"column":3}},"17":{"start":{"line":36,"column":20},"end":{"line":40,"column":8}},"18":{"start":{"line":41,"column":4},"end":{"line":41,"column":26}},"19":{"start":{"line":43,"column":4},"end":{"line":43,"column":25}},"20":{"start":{"line":44,"column":4},"end":{"line":44,"column":16}},"21":{"start":{"line":49,"column":2},"end":{"line":61,"column":3}},"22":{"start":{"line":50,"column":22},"end":{"line":52,"column":5}},"23":{"start":{"line":53,"column":17},"end":{"line":53,"column":22}},"24":{"start":{"line":54,"column":4},"end":{"line":56,"column":5}},"25":{"start":{"line":55,"column":6},"end":{"line":55,"column":20}},"26":{"start":{"line":57,"column":4},"end":{"line":57,"column":18}},"27":{"start":{"line":59,"column":4},"end":{"line":59,"column":25}},"28":{"start":{"line":60,"column":4},"end":{"line":60,"column":16}},"29":{"start":{"line":65,"column":14},"end":{"line":65,"column":65}},"30":{"start":{"line":67,"column":2},"end":{"line":67,"column":15}},"31":{"start":{"line":70,"column":0},"end":{"line":70,"column":28}},"32":{"start":{"line":71,"column":0},"end":{"line":71,"column":34}},"33":{"start":{"line":72,"column":0},"end":{"line":72,"column":40}},"34":{"start":{"line":73,"column":0},"end":{"line":73,"column":30}},"35":{"start":{"line":74,"column":0},"end":{"line":74,"column":38}}},"fnMap":{"0":{"name":"getUserInfo","decl":{"start":{"line":3,"column":15},"end":{"line":3,"column":26}},"loc":{"start":{"line":3,"column":37},"end":{"line":16,"column":1}},"line":3},"1":{"name":"insertUserInfo","decl":{"start":{"line":18,"column":15},"end":{"line":18,"column":29}},"loc":{"start":{"line":18,"column":36},"end":{"line":32,"column":1}},"line":18},"2":{"name":"getUserId","decl":{"start":{"line":34,"column":15},"end":{"line":34,"column":24}},"loc":{"start":{"line":34,"column":31},"end":{"line":46,"column":1}},"line":34},"3":{"name":"checkUnionRep","decl":{"start":{"line":48,"column":15},"end":{"line":48,"column":28}},"loc":{"start":{"line":48,"column":37},"end":{"line":62,"column":1}},"line":48},"4":{"name":"getUsers","decl":{"start":{"line":64,"column":15},"end":{"line":64,"column":23}},"loc":{"start":{"line":64,"column":26},"end":{"line":68,"column":1}},"line":64}},"branchMap":{"0":{"loc":{"start":{"line":10,"column":4},"end":{"line":10,"column":46}},"type":"if","locations":[{"start":{"line":10,"column":4},"end":{"line":10,"column":46}},{"start":{"line":10,"column":4},"end":{"line":10,"column":46}}],"line":10},"1":{"loc":{"start":{"line":10,"column":8},"end":{"line":10,"column":27}},"type":"binary-expr","locations":[{"start":{"line":10,"column":8},"end":{"line":10,"column":12}},{"start":{"line":10,"column":16},"end":{"line":10,"column":27}}],"line":10},"2":{"loc":{"start":{"line":20,"column":4},"end":{"line":22,"column":5}},"type":"if","locations":[{"start":{"line":20,"column":4},"end":{"line":22,"column":5}},{"start":{"line":20,"column":4},"end":{"line":22,"column":5}}],"line":20},"3":{"loc":{"start":{"line":54,"column":4},"end":{"line":56,"column":5}},"type":"if","locations":[{"start":{"line":54,"column":4},"end":{"line":56,"column":5}},{"start":{"line":54,"column":4},"end":{"line":56,"column":5}}],"line":54},"4":{"loc":{"start":{"line":54,"column":8},"end":{"line":54,"column":37}},"type":"binary-expr","locations":[{"start":{"line":54,"column":8},"end":{"line":54,"column":17}},{"start":{"line":54,"column":21},"end":{"line":54,"column":37}}],"line":54}},"s":{"0":3,"1":10,"2":10,"3":7,"4":7,"5":5,"6":7,"7":3,"8":3,"9":5,"10":5,"11":4,"12":5,"13":4,"14":1,"15":1,"16":4,"17":4,"18":2,"19":2,"20":2,"21":7,"22":7,"23":5,"24":5,"25":3,"26":5,"27":2,"28":2,"29":5,"30":4,"31":3,"32":3,"33":3,"34":3,"35":3},"f":{"0":10,"1":5,"2":4,"3":7,"4":5},"b":{"0":[5,2],"1":[7,5],"2":[4,1],"3":[3,2],"4":[5,3]},"_coverageSchema":"1a1c01bbd47fc00a2c39e90264f33305004495a9","hash":"cfd63de646c24e550cf665b20ecbfd9e1231850b"}
,"/Users/sapirshamay/Projects/Web/Leagues_Managment_Project/src/dataLayer/utils/matches_utils.js": {"path":"/Users/sapirshamay/Projects/Web/Leagues_Managment_Project/src/dataLayer/utils/matches_utils.js","statementMap":{"0":{"start":{"line":1,"column":16},"end":{"line":1,"column":43}},"1":{"start":{"line":5,"column":16},"end":{"line":5,"column":69}},"2":{"start":{"line":7,"column":2},"end":{"line":7,"column":17}},"3":{"start":{"line":11,"column":2},"end":{"line":18,"column":3}},"4":{"start":{"line":12,"column":4},"end":{"line":14,"column":6}},"5":{"start":{"line":15,"column":4},"end":{"line":15,"column":16}},"6":{"start":{"line":17,"column":4},"end":{"line":17,"column":17}},"7":{"start":{"line":21,"column":0},"end":{"line":21,"column":32}},"8":{"start":{"line":22,"column":0},"end":{"line":22,"column":52}}},"fnMap":{"0":{"name":"getMatches","decl":{"start":{"line":4,"column":15},"end":{"line":4,"column":25}},"loc":{"start":{"line":4,"column":28},"end":{"line":8,"column":1}},"line":4},"1":{"name":"UpdateRefereeToMatch","decl":{"start":{"line":10,"column":15},"end":{"line":10,"column":35}},"loc":{"start":{"line":10,"column":56},"end":{"line":19,"column":1}},"line":10}},"branchMap":{},"s":{"0":2,"1":6,"2":4,"3":3,"4":3,"5":2,"6":1,"7":2,"8":2},"f":{"0":6,"1":3},"b":{},"_coverageSchema":"1a1c01bbd47fc00a2c39e90264f33305004495a9","hash":"61bea2f8cbc73496995b1206491ec32a155909a1"}
,"/Users/sapirshamay/Projects/Web/Leagues_Managment_Project/src/dataLayer/utils/referee_utils.js": {"path":"/Users/sapirshamay/Projects/Web/Leagues_Managment_Project/src/dataLayer/utils/referee_utils.js","statementMap":{"0":{"start":{"line":1,"column":16},"end":{"line":1,"column":43}},"1":{"start":{"line":5,"column":2},"end":{"line":13,"column":3}},"2":{"start":{"line":6,"column":14},"end":{"line":8,"column":5}},"3":{"start":{"line":9,"column":4},"end":{"line":9,"column":16}},"4":{"start":{"line":11,"column":4},"end":{"line":11,"column":25}},"5":{"start":{"line":12,"column":4},"end":{"line":12,"column":16}},"6":{"start":{"line":18,"column":16},"end":{"line":20,"column":3}},"7":{"start":{"line":21,"column":2},"end":{"line":23,"column":3}},"8":{"start":{"line":22,"column":4},"end":{"line":22,"column":14}},"9":{"start":{"line":25,"column":2},"end":{"line":25,"column":30}},"10":{"start":{"line":30,"column":17},"end":{"line":32,"column":3}},"11":{"start":{"line":33,"column":2},"end":{"line":33,"column":18}},"12":{"start":{"line":36,"column":0},"end":{"line":36,"column":46}},"13":{"start":{"line":37,"column":0},"end":{"line":37,"column":36}},"14":{"start":{"line":38,"column":0},"end":{"line":38,"column":34}}},"fnMap":{"0":{"name":"insertRefereeInfo","decl":{"start":{"line":4,"column":15},"end":{"line":4,"column":32}},"loc":{"start":{"line":4,"column":47},"end":{"line":14,"column":1}},"line":4},"1":{"name":"getRefereeID","decl":{"start":{"line":17,"column":15},"end":{"line":17,"column":27}},"loc":{"start":{"line":17,"column":38},"end":{"line":26,"column":1}},"line":17},"2":{"name":"getReferees","decl":{"start":{"line":29,"column":15},"end":{"line":29,"column":26}},"loc":{"start":{"line":29,"column":29},"end":{"line":34,"column":1}},"line":29}},"branchMap":{"0":{"loc":{"start":{"line":21,"column":2},"end":{"line":23,"column":3}},"type":"if","locations":[{"start":{"line":21,"column":2},"end":{"line":23,"column":3}},{"start":{"line":21,"column":2},"end":{"line":23,"column":3}}],"line":21}},"s":{"0":1,"1":3,"2":3,"3":2,"4":1,"5":1,"6":4,"7":3,"8":0,"9":2,"10":3,"11":3,"12":1,"13":1,"14":1},"f":{"0":3,"1":4,"2":3},"b":{"0":[0,2]},"_coverageSchema":"1a1c01bbd47fc00a2c39e90264f33305004495a9","hash":"1fe0f7cb6601c2e82171c49b444753e0af9fbc05"}
,"/Users/sapirshamay/Projects/Web/Leagues_Managment_Project/src/domainLayer/auth_domain.js": {"path":"/Users/sapirshamay/Projects/Web/Leagues_Managment_Project/src/domainLayer/auth_domain.js","statementMap":{"0":{"start":{"line":1,"column":19},"end":{"line":1,"column":59}},"1":{"start":{"line":7,"column":2},"end":{"line":21,"column":3}},"2":{"start":{"line":8,"column":19},"end":{"line":8,"column":57}},"3":{"start":{"line":9,"column":24},"end":{"line":9,"column":41}},"4":{"start":{"line":13,"column":4},"end":{"line":16,"column":5}},"5":{"start":{"line":15,"column":6},"end":{"line":15,"column":19}},"6":{"start":{"line":17,"column":4},"end":{"line":17,"column":27}},"7":{"start":{"line":19,"column":4},"end":{"line":19,"column":40}},"8":{"start":{"line":20,"column":4},"end":{"line":20,"column":16}},"9":{"start":{"line":25,"column":2},"end":{"line":40,"column":3}},"10":{"start":{"line":28,"column":20},"end":{"line":28,"column":66}},"11":{"start":{"line":31,"column":4},"end":{"line":35,"column":5}},"12":{"start":{"line":32,"column":6},"end":{"line":32,"column":54}},"13":{"start":{"line":34,"column":6},"end":{"line":34,"column":46}},"14":{"start":{"line":36,"column":4},"end":{"line":36,"column":16}},"15":{"start":{"line":38,"column":4},"end":{"line":38,"column":25}},"16":{"start":{"line":39,"column":4},"end":{"line":39,"column":31}},"17":{"start":{"line":43,"column":2},"end":{"line":43,"column":38}},"18":{"start":{"line":44,"column":2},"end":{"line":44,"column":15}},"19":{"start":{"line":47,"column":0},"end":{"line":47,"column":28}},"20":{"start":{"line":48,"column":0},"end":{"line":48,"column":22}},"21":{"start":{"line":49,"column":0},"end":{"line":49,"column":36}}},"fnMap":{"0":{"name":"login","decl":{"start":{"line":5,"column":15},"end":{"line":5,"column":20}},"loc":{"start":{"line":5,"column":41},"end":{"line":22,"column":1}},"line":5},"1":{"name":"userRegister","decl":{"start":{"line":24,"column":15},"end":{"line":24,"column":27}},"loc":{"start":{"line":24,"column":37},"end":{"line":41,"column":1}},"line":24},"2":{"name":"getUsers","decl":{"start":{"line":42,"column":15},"end":{"line":42,"column":23}},"loc":{"start":{"line":42,"column":26},"end":{"line":45,"column":1}},"line":42}},"branchMap":{"0":{"loc":{"start":{"line":13,"column":4},"end":{"line":16,"column":5}},"type":"if","locations":[{"start":{"line":13,"column":4},"end":{"line":16,"column":5}},{"start":{"line":13,"column":4},"end":{"line":16,"column":5}}],"line":13},"1":{"loc":{"start":{"line":13,"column":8},"end":{"line":13,"column":46}},"type":"binary-expr","locations":[{"start":{"line":13,"column":8},"end":{"line":13,"column":17}},{"start":{"line":13,"column":21},"end":{"line":13,"column":46}}],"line":13},"2":{"loc":{"start":{"line":31,"column":4},"end":{"line":35,"column":5}},"type":"if","locations":[{"start":{"line":31,"column":4},"end":{"line":35,"column":5}},{"start":{"line":31,"column":4},"end":{"line":35,"column":5}}],"line":31}},"s":{"0":1,"1":3,"2":3,"3":2,"4":2,"5":1,"6":1,"7":1,"8":1,"9":4,"10":4,"11":2,"12":1,"13":1,"14":1,"15":3,"16":3,"17":2,"18":1,"19":1,"20":1,"21":1},"f":{"0":3,"1":4,"2":2},"b":{"0":[1,1],"1":[2,2],"2":[1,1]},"_coverageSchema":"1a1c01bbd47fc00a2c39e90264f33305004495a9","hash":"a086e3adea4dd6e6c746537cd504fbf6c53a52b5"}
,"/Users/sapirshamay/Projects/Web/Leagues_Managment_Project/src/domainLayer/matches_domain.js": {"path":"/Users/sapirshamay/Projects/Web/Leagues_Managment_Project/src/domainLayer/matches_domain.js","statementMap":{"0":{"start":{"line":1,"column":14},"end":{"line":1,"column":30}},"1":{"start":{"line":2,"column":18},"end":{"line":2,"column":34}},"2":{"start":{"line":3,"column":22},"end":{"line":3,"column":65}},"3":{"start":{"line":4,"column":19},"end":{"line":4,"column":59}},"4":{"start":{"line":5,"column":19},"end":{"line":5,"column":59}},"5":{"start":{"line":9,"column":14},"end":{"line":14,"column":4}},"6":{"start":{"line":15,"column":2},"end":{"line":15,"column":46}},"7":{"start":{"line":16,"column":2},"end":{"line":16,"column":39}},"8":{"start":{"line":18,"column":15},"end":{"line":22,"column":4}},"9":{"start":{"line":24,"column":16},"end":{"line":24,"column":18}},"10":{"start":{"line":26,"column":20},"end":{"line":26,"column":41}},"11":{"start":{"line":27,"column":14},"end":{"line":27,"column":36}},"12":{"start":{"line":28,"column":13},"end":{"line":28,"column":21}},"13":{"start":{"line":29,"column":13},"end":{"line":29,"column":28}},"14":{"start":{"line":30,"column":2},"end":{"line":30,"column":39}},"15":{"start":{"line":32,"column":2},"end":{"line":52,"column":3}},"16":{"start":{"line":32,"column":19},"end":{"line":32,"column":20}},"17":{"start":{"line":33,"column":4},"end":{"line":51,"column":5}},"18":{"start":{"line":33,"column":17},"end":{"line":33,"column":26}},"19":{"start":{"line":34,"column":21},"end":{"line":34,"column":55}},"20":{"start":{"line":35,"column":20},"end":{"line":35,"column":53}},"21":{"start":{"line":36,"column":18},"end":{"line":47,"column":7}},"22":{"start":{"line":49,"column":6},"end":{"line":49,"column":26}},"23":{"start":{"line":50,"column":6},"end":{"line":50,"column":30}},"24":{"start":{"line":53,"column":2},"end":{"line":53,"column":23}},"25":{"start":{"line":57,"column":20},"end":{"line":57,"column":55}},"26":{"start":{"line":58,"column":2},"end":{"line":60,"column":3}},"27":{"start":{"line":59,"column":4},"end":{"line":59,"column":55}},"28":{"start":{"line":62,"column":2},"end":{"line":62,"column":17}},"29":{"start":{"line":66,"column":2},"end":{"line":73,"column":3}},"30":{"start":{"line":67,"column":4},"end":{"line":70,"column":5}},"31":{"start":{"line":68,"column":24},"end":{"line":68,"column":64}},"32":{"start":{"line":69,"column":6},"end":{"line":69,"column":25}},"33":{"start":{"line":72,"column":4},"end":{"line":72,"column":25}},"34":{"start":{"line":75,"column":2},"end":{"line":75,"column":15}},"35":{"start":{"line":79,"column":2},"end":{"line":79,"column":39}},"36":{"start":{"line":80,"column":14},"end":{"line":85,"column":4}},"37":{"start":{"line":86,"column":2},"end":{"line":86,"column":46}},"38":{"start":{"line":90,"column":15},"end":{"line":94,"column":4}},"39":{"start":{"line":96,"column":26},"end":{"line":96,"column":28}},"40":{"start":{"line":98,"column":20},"end":{"line":98,"column":41}},"41":{"start":{"line":99,"column":14},"end":{"line":99,"column":36}},"42":{"start":{"line":100,"column":13},"end":{"line":100,"column":21}},"43":{"start":{"line":101,"column":13},"end":{"line":101,"column":28}},"44":{"start":{"line":102,"column":2},"end":{"line":102,"column":39}},"45":{"start":{"line":104,"column":2},"end":{"line":128,"column":3}},"46":{"start":{"line":104,"column":19},"end":{"line":104,"column":20}},"47":{"start":{"line":105,"column":4},"end":{"line":127,"column":5}},"48":{"start":{"line":105,"column":17},"end":{"line":105,"column":26}},"49":{"start":{"line":106,"column":21},"end":{"line":106,"column":55}},"50":{"start":{"line":107,"column":20},"end":{"line":107,"column":53}},"51":{"start":{"line":108,"column":29},"end":{"line":108,"column":58}},"52":{"start":{"line":109,"column":18},"end":{"line":123,"column":7}},"53":{"start":{"line":125,"column":6},"end":{"line":125,"column":36}},"54":{"start":{"line":126,"column":6},"end":{"line":126,"column":30}},"55":{"start":{"line":130,"column":27},"end":{"line":130,"column":72}},"56":{"start":{"line":133,"column":2},"end":{"line":155,"column":5}},"57":{"start":{"line":134,"column":4},"end":{"line":154,"column":5}},"58":{"start":{"line":136,"column":6},"end":{"line":136,"column":30}},"59":{"start":{"line":137,"column":28},"end":{"line":137,"column":42}},"60":{"start":{"line":138,"column":28},"end":{"line":138,"column":42}},"61":{"start":{"line":139,"column":30},"end":{"line":139,"column":46}},"62":{"start":{"line":140,"column":30},"end":{"line":140,"column":46}},"63":{"start":{"line":141,"column":20},"end":{"line":141,"column":42}},"64":{"start":{"line":145,"column":6},"end":{"line":145,"column":39}},"65":{"start":{"line":146,"column":6},"end":{"line":146,"column":39}},"66":{"start":{"line":147,"column":6},"end":{"line":147,"column":43}},"67":{"start":{"line":148,"column":6},"end":{"line":148,"column":43}},"68":{"start":{"line":150,"column":6},"end":{"line":150,"column":30}},"69":{"start":{"line":153,"column":6},"end":{"line":153,"column":27}},"70":{"start":{"line":157,"column":2},"end":{"line":157,"column":60}},"71":{"start":{"line":160,"column":20},"end":{"line":160,"column":58}},"72":{"start":{"line":161,"column":2},"end":{"line":163,"column":3}},"73":{"start":{"line":162,"column":4},"end":{"line":162,"column":55}},"74":{"start":{"line":164,"column":2},"end":{"line":164,"column":20}},"75":{"start":{"line":168,"column":14},"end":{"line":168,"column":15}},"76":{"start":{"line":169,"column":19},"end":{"line":169,"column":21}},"77":{"start":{"line":170,"column":2},"end":{"line":178,"column":5}},"78":{"start":{"line":171,"column":23},"end":{"line":171,"column":32}},"79":{"start":{"line":172,"column":19},"end":{"line":172,"column":30}},"80":{"start":{"line":174,"column":4},"end":{"line":176,"column":5}},"81":{"start":{"line":175,"column":6},"end":{"line":175,"column":33}},"82":{"start":{"line":177,"column":4},"end":{"line":177,"column":12}},"83":{"start":{"line":179,"column":2},"end":{"line":179,"column":20}},"84":{"start":{"line":183,"column":14},"end":{"line":187,"column":4}},"85":{"start":{"line":189,"column":13},"end":{"line":189,"column":35}},"86":{"start":{"line":190,"column":14},"end":{"line":190,"column":46}},"87":{"start":{"line":192,"column":19},"end":{"line":192,"column":44}},"88":{"start":{"line":193,"column":2},"end":{"line":193,"column":20}},"89":{"start":{"line":197,"column":15},"end":{"line":197,"column":29}},"90":{"start":{"line":198,"column":2},"end":{"line":198,"column":42}},"91":{"start":{"line":199,"column":2},"end":{"line":199,"column":33}},"92":{"start":{"line":201,"column":2},"end":{"line":201,"column":16}},"93":{"start":{"line":205,"column":13},"end":{"line":210,"column":4}},"94":{"start":{"line":212,"column":2},"end":{"line":212,"column":40}},"95":{"start":{"line":218,"column":2},"end":{"line":220,"column":3}},"96":{"start":{"line":219,"column":4},"end":{"line":219,"column":17}},"97":{"start":{"line":222,"column":21},"end":{"line":222,"column":59}},"98":{"start":{"line":223,"column":2},"end":{"line":223,"column":20}},"99":{"start":{"line":226,"column":2},"end":{"line":226,"column":45}},"100":{"start":{"line":227,"column":2},"end":{"line":227,"column":17}},"101":{"start":{"line":230,"column":0},"end":{"line":230,"column":32}},"102":{"start":{"line":231,"column":0},"end":{"line":231,"column":54}},"103":{"start":{"line":232,"column":0},"end":{"line":232,"column":56}},"104":{"start":{"line":233,"column":0},"end":{"line":233,"column":40}}},"fnMap":{"0":{"name":"scheduleByFirstPolicy","decl":{"start":{"line":8,"column":15},"end":{"line":8,"column":36}},"loc":{"start":{"line":8,"column":57},"end":{"line":63,"column":1}},"line":8},"1":{"name":"writeToDB","decl":{"start":{"line":65,"column":15},"end":{"line":65,"column":24}},"loc":{"start":{"line":65,"column":43},"end":{"line":76,"column":1}},"line":65},"2":{"name":"scheduleBySecondPolicy","decl":{"start":{"line":78,"column":15},"end":{"line":78,"column":37}},"loc":{"start":{"line":78,"column":58},"end":{"line":165,"column":1}},"line":78},"3":{"name":"(anonymous_3)","decl":{"start":{"line":133,"column":25},"end":{"line":133,"column":26}},"loc":{"start":{"line":133,"column":42},"end":{"line":155,"column":3}},"line":133},"4":{"name":"getTeamsByLeagueId","decl":{"start":{"line":167,"column":9},"end":{"line":167,"column":27}},"loc":{"start":{"line":167,"column":50},"end":{"line":180,"column":1}},"line":167},"5":{"name":"(anonymous_5)","decl":{"start":{"line":170,"column":27},"end":{"line":170,"column":28}},"loc":{"start":{"line":170,"column":42},"end":{"line":178,"column":3}},"line":170},"6":{"name":"getStageBySeasonId","decl":{"start":{"line":182,"column":15},"end":{"line":182,"column":33}},"loc":{"start":{"line":182,"column":44},"end":{"line":194,"column":1}},"line":182},"7":{"name":"addDays","decl":{"start":{"line":196,"column":9},"end":{"line":196,"column":16}},"loc":{"start":{"line":196,"column":29},"end":{"line":202,"column":1}},"line":196},"8":{"name":"getStadium","decl":{"start":{"line":204,"column":15},"end":{"line":204,"column":25}},"loc":{"start":{"line":204,"column":35},"end":{"line":213,"column":1}},"line":204},"9":{"name":"UserIsUnionRep","decl":{"start":{"line":217,"column":15},"end":{"line":217,"column":29}},"loc":{"start":{"line":217,"column":38},"end":{"line":224,"column":1}},"line":217},"10":{"name":"getMatches","decl":{"start":{"line":225,"column":15},"end":{"line":225,"column":25}},"loc":{"start":{"line":225,"column":28},"end":{"line":228,"column":1}},"line":225}},"branchMap":{"0":{"loc":{"start":{"line":58,"column":2},"end":{"line":60,"column":3}},"type":"if","locations":[{"start":{"line":58,"column":2},"end":{"line":60,"column":3}},{"start":{"line":58,"column":2},"end":{"line":60,"column":3}}],"line":58},"1":{"loc":{"start":{"line":67,"column":4},"end":{"line":70,"column":5}},"type":"if","locations":[{"start":{"line":67,"column":4},"end":{"line":70,"column":5}},{"start":{"line":67,"column":4},"end":{"line":70,"column":5}}],"line":67},"2":{"loc":{"start":{"line":161,"column":2},"end":{"line":163,"column":3}},"type":"if","locations":[{"start":{"line":161,"column":2},"end":{"line":163,"column":3}},{"start":{"line":161,"column":2},"end":{"line":163,"column":3}}],"line":161},"3":{"loc":{"start":{"line":174,"column":4},"end":{"line":176,"column":5}},"type":"if","locations":[{"start":{"line":174,"column":4},"end":{"line":176,"column":5}},{"start":{"line":174,"column":4},"end":{"line":176,"column":5}}],"line":174},"4":{"loc":{"start":{"line":218,"column":2},"end":{"line":220,"column":3}},"type":"if","locations":[{"start":{"line":218,"column":2},"end":{"line":220,"column":3}},{"start":{"line":218,"column":2},"end":{"line":220,"column":3}}],"line":218}},"s":{"0":1,"1":1,"2":1,"3":1,"4":1,"5":0,"6":0,"7":0,"8":0,"9":0,"10":0,"11":0,"12":0,"13":0,"14":0,"15":0,"16":0,"17":0,"18":0,"19":0,"20":0,"21":0,"22":0,"23":0,"24":0,"25":0,"26":0,"27":0,"28":0,"29":0,"30":0,"31":0,"32":0,"33":0,"34":0,"35":0,"36":0,"37":0,"38":0,"39":0,"40":0,"41":0,"42":0,"43":0,"44":0,"45":0,"46":0,"47":0,"48":0,"49":0,"50":0,"51":0,"52":0,"53":0,"54":0,"55":0,"56":0,"57":0,"58":0,"59":0,"60":0,"61":0,"62":0,"63":0,"64":0,"65":0,"66":0,"67":0,"68":0,"69":0,"70":0,"71":0,"72":0,"73":0,"74":0,"75":0,"76":0,"77":0,"78":0,"79":0,"80":0,"81":0,"82":0,"83":0,"84":0,"85":0,"86":0,"87":0,"88":0,"89":0,"90":0,"91":0,"92":0,"93":0,"94":0,"95":3,"96":0,"97":3,"98":2,"99":2,"100":1,"101":1,"102":1,"103":1,"104":1},"f":{"0":0,"1":0,"2":0,"3":0,"4":0,"5":0,"6":0,"7":0,"8":0,"9":3,"10":2},"b":{"0":[0,0],"1":[0,0],"2":[0,0],"3":[0,0],"4":[0,3]},"_coverageSchema":"1a1c01bbd47fc00a2c39e90264f33305004495a9","hash":"5ff7fedd62e7ac7fae20a08dea71fbc704001235"}
}
