TN:
SF:src/dataLayer/utils/DButils.js
FN:18,execQuery
FNF:1
FNH:1
FNDA:2,execQuery
DA:1,6
DA:2,6
DA:4,6
DA:15,6
DA:16,6
DA:19,2
DA:20,2
DA:21,2
DA:22,1
DA:24,1
DA:25,1
DA:29,6
LF:12
LH:12
BRF:0
BRH:0
end_of_record
TN:
SF:src/dataLayer/utils/auth_utils.js
FN:3,getUserInfo
FN:18,insertUserInfo
FN:34,getUserId
FN:48,checkUnionRep
FN:64,getUsers
FNF:5
FNH:5
FNDA:10,getUserInfo
FNDA:5,insertUserInfo
FNDA:4,getUserId
FNDA:7,checkUnionRep
FNDA:5,getUsers
DA:1,3
DA:4,10
DA:5,10
DA:9,7
DA:10,7
DA:11,7
DA:13,3
DA:14,3
DA:19,5
DA:20,5
DA:21,4
DA:24,5
DA:27,4
DA:29,1
DA:30,1
DA:35,4
DA:36,4
DA:41,2
DA:43,2
DA:44,2
DA:49,7
DA:50,7
DA:53,5
DA:54,5
DA:55,3
DA:57,5
DA:59,2
DA:60,2
DA:65,5
DA:67,4
DA:70,3
DA:71,3
DA:72,3
DA:73,3
DA:74,3
LF:35
LH:35
BRDA:10,0,0,5
BRDA:10,0,1,2
BRDA:10,1,0,7
BRDA:10,1,1,5
BRDA:20,2,0,4
BRDA:20,2,1,1
BRDA:54,3,0,3
BRDA:54,3,1,2
BRDA:54,4,0,5
BRDA:54,4,1,3
BRF:10
BRH:10
end_of_record
TN:
SF:src/dataLayer/utils/matches_utils.js
FN:4,getMatches
FN:10,UpdateRefereeToMatch
FNF:2
FNH:2
FNDA:6,getMatches
FNDA:3,UpdateRefereeToMatch
DA:1,2
DA:5,6
DA:7,4
DA:11,3
DA:12,3
DA:15,2
DA:17,1
DA:21,2
DA:22,2
LF:9
LH:9
BRF:0
BRH:0
end_of_record
TN:
SF:src/dataLayer/utils/referee_utils.js
FN:4,insertRefereeInfo
FN:17,getRefereeID
FN:29,getReferees
FNF:3
FNH:3
FNDA:3,insertRefereeInfo
FNDA:4,getRefereeID
FNDA:3,getReferees
DA:1,1
DA:5,3
DA:6,3
DA:9,2
DA:11,1
DA:12,1
DA:18,4
DA:21,3
DA:22,0
DA:25,2
DA:30,3
DA:33,3
DA:36,1
DA:37,1
DA:38,1
LF:15
LH:14
BRDA:21,0,0,0
BRDA:21,0,1,2
BRF:2
BRH:1
end_of_record
TN:
SF:src/domainLayer/auth_domain.js
FN:5,login
FN:24,userRegister
FN:42,getUsers
FNF:3
FNH:3
FNDA:3,login
FNDA:4,userRegister
FNDA:2,getUsers
DA:1,1
DA:7,3
DA:8,3
DA:9,2
DA:13,2
DA:15,1
DA:17,1
DA:19,1
DA:20,1
DA:25,4
DA:28,4
DA:31,2
DA:32,1
DA:34,1
DA:36,1
DA:38,3
DA:39,3
DA:43,2
DA:44,1
DA:47,1
DA:48,1
DA:49,1
LF:22
LH:22
BRDA:13,0,0,1
BRDA:13,0,1,1
BRDA:13,1,0,2
BRDA:13,1,1,2
BRDA:31,2,0,1
BRDA:31,2,1,1
BRF:6
BRH:6
end_of_record
TN:
SF:src/domainLayer/matches_domain.js
FN:8,scheduleByFirstPolicy
FN:65,writeToDB
FN:78,scheduleBySecondPolicy
FN:133,(anonymous_3)
FN:167,getTeamsByLeagueId
FN:170,(anonymous_5)
FN:182,getStageBySeasonId
FN:196,addDays
FN:204,getStadium
FN:217,UserIsUnionRep
FN:225,getMatches
FNF:11
FNH:2
FNDA:0,scheduleByFirstPolicy
FNDA:0,writeToDB
FNDA:0,scheduleBySecondPolicy
FNDA:0,(anonymous_3)
FNDA:0,getTeamsByLeagueId
FNDA:0,(anonymous_5)
FNDA:0,getStageBySeasonId
FNDA:0,addDays
FNDA:0,getStadium
FNDA:3,UserIsUnionRep
FNDA:2,getMatches
DA:1,1
DA:2,1
DA:3,1
DA:4,1
DA:5,1
DA:9,0
DA:15,0
DA:16,0
DA:18,0
DA:24,0
DA:26,0
DA:27,0
DA:28,0
DA:29,0
DA:30,0
DA:32,0
DA:33,0
DA:34,0
DA:35,0
DA:36,0
DA:49,0
DA:50,0
DA:53,0
DA:57,0
DA:58,0
DA:59,0
DA:62,0
DA:66,0
DA:67,0
DA:68,0
DA:69,0
DA:72,0
DA:75,0
DA:79,0
DA:80,0
DA:86,0
DA:90,0
DA:96,0
DA:98,0
DA:99,0
DA:100,0
DA:101,0
DA:102,0
DA:104,0
DA:105,0
DA:106,0
DA:107,0
DA:108,0
DA:109,0
DA:125,0
DA:126,0
DA:130,0
DA:133,0
DA:134,0
DA:136,0
DA:137,0
DA:138,0
DA:139,0
DA:140,0
DA:141,0
DA:145,0
DA:146,0
DA:147,0
DA:148,0
DA:150,0
DA:153,0
DA:157,0
DA:160,0
DA:161,0
DA:162,0
DA:164,0
DA:168,0
DA:169,0
DA:170,0
DA:171,0
DA:172,0
DA:174,0
DA:175,0
DA:177,0
DA:179,0
DA:183,0
DA:189,0
DA:190,0
DA:192,0
DA:193,0
DA:197,0
DA:198,0
DA:199,0
DA:201,0
DA:205,0
DA:212,0
DA:218,3
DA:219,0
DA:222,3
DA:223,2
DA:226,2
DA:227,1
DA:230,1
DA:231,1
DA:232,1
DA:233,1
LF:101
LH:14
BRDA:58,0,0,0
BRDA:58,0,1,0
BRDA:67,1,0,0
BRDA:67,1,1,0
BRDA:161,2,0,0
BRDA:161,2,1,0
BRDA:174,3,0,0
BRDA:174,3,1,0
BRDA:218,4,0,0
BRDA:218,4,1,3
BRF:10
BRH:1
end_of_record
